<?xml version="1.0" encoding="UTF-8"?>
<testng-results ignored="1" total="2" passed="1" failed="0" skipped="0">
  <reporter-output>
  </reporter-output>
  <suite started-at="2024-03-01T12:32:18Z" name="Default suite" finished-at="2024-03-01T12:32:18Z" duration-ms="60">
    <groups>
    </groups>
    <test started-at="2024-03-01T12:32:18Z" name="Default test" finished-at="2024-03-01T12:32:18Z" duration-ms="60">
      <class name="maven.simpledemotest">
        <test-method signature="TestScript02()[pri:0, instance:maven.simpledemotest@2d778add]" started-at="2024-03-01T18:02:18Z" name="TestScript02" finished-at="2024-03-01T18:02:18Z" duration-ms="21" status="PASS">
          <reporter-output>
          </reporter-output>
        </test-method> <!-- TestScript02 -->
      </class> <!-- maven.simpledemotest -->
    </test> <!-- Default test -->
  </suite> <!-- Default suite -->
</testng-results>
